


ARM Macro Assembler    Page 1 


    1 00000000         ;/******************************************************
                       ***********************
    2 00000000         ; * @file:    startup_LPC17xx.s
    3 00000000         ; * @purpose: CMSIS Cortex-M3 Core Device Startup File 
    4 00000000         ; *           for the NXP LPC17xx Device Series 
    5 00000000         ; * @version: V1.0
    6 00000000         ; * @date:    25. Nov. 2008
    7 00000000         ; *------- <<< Use Configuration Wizard in Context Menu 
                       >>> ------------------
    8 00000000         ; *
    9 00000000         ; * Copyright (C) 2008 ARM Limited. All rights reserved.
                       
   10 00000000         ; * ARM Limited (ARM) is supplying this software for use
                        with Cortex-M3 
   11 00000000         ; * processor based microcontrollers.  This file can be 
                       freely distributed 
   12 00000000         ; * within development tools that are supporting such AR
                       M based processors. 
   13 00000000         ; *
   14 00000000         ; * THIS SOFTWARE IS PROVIDED "AS IS".  NO WARRANTIES, W
                       HETHER EXPRESS, IMPLIED
   15 00000000         ; * OR STATUTORY, INCLUDING, BUT NOT LIMITED TO, IMPLIED
                        WARRANTIES OF
   16 00000000         ; * MERCHANTABILITY AND FITNESS FOR A PARTICULAR PURPOSE
                        APPLY TO THIS SOFTWARE.
   17 00000000         ; * ARM SHALL NOT, IN ANY CIRCUMSTANCES, BE LIABLE FOR S
                       PECIAL, INCIDENTAL, OR
   18 00000000         ; * CONSEQUENTIAL DAMAGES, FOR ANY REASON WHATSOEVER.
   19 00000000         ; *
   20 00000000         ; ******************************************************
                       ***********************/
   21 00000000         
   22 00000000         
   23 00000000         ; <h> Stack Configuration
   24 00000000         ;   <o> Stack Size (in Bytes) <0x0-0xFFFFFFFF:8>
   25 00000000         ; </h>
   26 00000000         
   27 00000000 00001000 
                       Stack_Size
                               EQU              0x00001000
   28 00000000         
   29 00000000                 AREA             STACK, NOINIT, READWRITE, ALIGN
=3
   30 00000000         Stack_Mem
                               SPACE            Stack_Size
   31 00001000         __initial_sp
   32 00001000         
   33 00001000         
   34 00001000         ; <h> Heap Configuration
   35 00001000         ;   <o>  Heap Size (in Bytes) <0x0-0xFFFFFFFF:8>
   36 00001000         ; </h>
   37 00001000         
   38 00001000 00001000 
                       Heap_Size
                               EQU              0x00001000
   39 00001000         
   40 00001000                 AREA             HEAP, NOINIT, READWRITE, ALIGN=
3
   41 00000000         __heap_base



ARM Macro Assembler    Page 2 


   42 00000000         Heap_Mem
                               SPACE            Heap_Size
   43 00001000         __heap_limit
   44 00001000         
   45 00001000         
   46 00001000                 PRESERVE8
   47 00001000                 THUMB
   48 00001000         
   49 00001000         
   50 00001000         ; Vector Table Mapped to Address 0 at Reset
   51 00001000         
   52 00001000                 AREA             RESET, DATA, READONLY
   53 00000000                 EXPORT           __Vectors
   54 00000000         
   55 00000000 00000000 
                       __Vectors
                               DCD              __initial_sp ; Top of Stack
   56 00000004 00000000        DCD              Reset_Handler ; Reset Handler
   57 00000008 00000000        DCD              NMI_Handler ; NMI Handler
   58 0000000C 00000000        DCD              HardFault_Handler ; Hard Fault 
                                                            Handler
   59 00000010 00000000        DCD              MemManage_Handler 
                                                            ; MPU Fault Handler
                                                            
   60 00000014 00000000        DCD              BusFault_Handler 
                                                            ; Bus Fault Handler
                                                            
   61 00000018 00000000        DCD              UsageFault_Handler ; Usage Faul
                                                            t Handler
   62 0000001C 00000000        DCD              0           ; Reserved
   63 00000020 00000000        DCD              0           ; Reserved
   64 00000024 00000000        DCD              0           ; Reserved
   65 00000028 00000000        DCD              0           ; Reserved
   66 0000002C 00000000        DCD              SVC_Handler ; SVCall Handler
   67 00000030 00000000        DCD              DebugMon_Handler ; Debug Monito
                                                            r Handler
   68 00000034 00000000        DCD              0           ; Reserved
   69 00000038 00000000        DCD              PendSV_Handler ; PendSV Handler
                                                            
   70 0000003C 00000000        DCD              SysTick_Handler 
                                                            ; SysTick Handler
   71 00000040         
   72 00000040         ; External Interrupts
   73 00000040 00000000        DCD              WDT_IRQHandler ; 16: Watchdog T
                                                            imer
   74 00000044 00000000        DCD              TIMER0_IRQHandler ; 17: Timer0
   75 00000048 00000000        DCD              TIMER1_IRQHandler ; 18: Timer1
   76 0000004C 00000000        DCD              TIMER2_IRQHandler ; 19: Timer2
   77 00000050 00000000        DCD              TIMER3_IRQHandler ; 20: Timer3
   78 00000054 00000000        DCD              UART0_IRQHandler ; 21: UART0
   79 00000058 00000000        DCD              UART1_IRQHandler ; 22: UART1
   80 0000005C 00000000        DCD              UART2_IRQHandler ; 23: UART2
   81 00000060 00000000        DCD              UART3_IRQHandler ; 24: UART3
   82 00000064 00000000        DCD              PWM1_IRQHandler ; 25: PWM1
   83 00000068 00000000        DCD              I2C0_IRQHandler ; 26: I2C0
   84 0000006C 00000000        DCD              I2C1_IRQHandler ; 27: I2C1
   85 00000070 00000000        DCD              I2C2_IRQHandler ; 28: I2C2
   86 00000074 00000000        DCD              SPI_IRQHandler ; 29: SPI
   87 00000078 00000000        DCD              SSP0_IRQHandler ; 30: SSP0



ARM Macro Assembler    Page 3 


   88 0000007C 00000000        DCD              SSP1_IRQHandler ; 31: SSP1
   89 00000080 00000000        DCD              PLL0_IRQHandler ; 32: PLL0 Lock
                                                             (Main PLL)
   90 00000084 00000000        DCD              RTC_IRQHandler ; 33: Real Time 
                                                            Clock
   91 00000088 00000000        DCD              EINT0_IRQHandler ; 34: External
                                                             Interrupt 0
   92 0000008C 00000000        DCD              EINT1_IRQHandler ; 35: External
                                                             Interrupt 1
   93 00000090 00000000        DCD              EINT2_IRQHandler ; 36: External
                                                             Interrupt 2
   94 00000094 00000000        DCD              EINT3_IRQHandler ; 37: External
                                                             Interrupt 3
   95 00000098 00000000        DCD              ADC_IRQHandler 
                                                            ; 38: A/D Converter
                                                            
   96 0000009C 00000000        DCD              BOD_IRQHandler ; 39: Brown-Out 
                                                            Detect
   97 000000A0 00000000        DCD              USB_IRQHandler ; 40: USB
   98 000000A4 00000000        DCD              CAN_IRQHandler ; 41: CAN
   99 000000A8 00000000        DCD              DMA_IRQHandler ; 42: General Pu
                                                            rpose DMA
  100 000000AC 00000000        DCD              I2S_IRQHandler ; 43: I2S
  101 000000B0 00000000        DCD              ENET_IRQHandler ; 44: Ethernet
  102 000000B4 00000000        DCD              RIT_IRQHandler ; 45: Repetitive
                                                             Interrupt Timer
  103 000000B8 00000000        DCD              MCPWM_IRQHandler ; 46: Motor Co
                                                            ntrol PWM
  104 000000BC 00000000        DCD              QEI_IRQHandler ; 47: Quadrature
                                                             Encoder Interface
  105 000000C0 00000000        DCD              PLL1_IRQHandler ; 48: PLL1 Lock
                                                             (USB PLL)
  106 000000C4         
  107 000000C4         
  108 000000C4                 IF               :LNOT::DEF:NO_CRP
  109 000000C4                 AREA             |.ARM.__at_0x02FC|, CODE, READO
NLY
  110 00000000 FFFFFFFF 
                       CRP_Key DCD              0xFFFFFFFF
  111 00000004                 ENDIF
  112 00000004         
  113 00000004         
  114 00000004                 AREA             |.text|, CODE, READONLY
  115 00000000         
  116 00000000         
  117 00000000         ; Reset Handler
  118 00000000         
  119 00000000         Reset_Handler
                               PROC
  120 00000000                 EXPORT           Reset_Handler             [WEAK
]
  121 00000000                 IMPORT           __main
  122 00000000 480C            LDR              R0, =__main
  123 00000002 4700            BX               R0
  124 00000004                 ENDP
  125 00000004         
  126 00000004         
  127 00000004         ; Dummy Exception Handlers (infinite loops which can be 
                       modified)                



ARM Macro Assembler    Page 4 


  128 00000004         
  129 00000004         NMI_Handler
                               PROC
  130 00000004                 EXPORT           NMI_Handler               [WEAK
]
  131 00000004 E7FE            B                .
  132 00000006                 ENDP
  134 00000006         HardFault_Handler
                               PROC
  135 00000006                 IMPORT           hard_fault_handler_c
  136 00000006 F01E 0F04       TST              LR, #4
  137 0000000A BF0C            ITE              EQ
  138 0000000C F3EF 8008       MRSEQ            R0, MSP
  139 00000010 F3EF 8009       MRSNE            R0, PSP
  140 00000014 F7FF BFFE       B                hard_fault_handler_c
  141 00000018                 ENDP
  143 00000018         MemManage_Handler
                               PROC
  144 00000018                 EXPORT           MemManage_Handler         [WEAK
]
  145 00000018 E7FE            B                .
  146 0000001A                 ENDP
  148 0000001A         BusFault_Handler
                               PROC
  149 0000001A                 EXPORT           BusFault_Handler          [WEAK
]
  150 0000001A E7FE            B                .
  151 0000001C                 ENDP
  153 0000001C         UsageFault_Handler
                               PROC
  154 0000001C                 EXPORT           UsageFault_Handler        [WEAK
]
  155 0000001C E7FE            B                .
  156 0000001E                 ENDP
  157 0000001E         SVC_Handler
                               PROC
  158 0000001E                 EXPORT           SVC_Handler               [WEAK
]
  159 0000001E E7FE            B                .
  160 00000020                 ENDP
  162 00000020         DebugMon_Handler
                               PROC
  163 00000020                 EXPORT           DebugMon_Handler          [WEAK
]
  164 00000020 E7FE            B                .
  165 00000022                 ENDP
  166 00000022         PendSV_Handler
                               PROC
  167 00000022                 EXPORT           PendSV_Handler            [WEAK
]
  168 00000022 E7FE            B                .
  169 00000024                 ENDP
  170 00000024         SysTick_Handler
                               PROC
  171 00000024                 EXPORT           SysTick_Handler           [WEAK
]
  172 00000024 E7FE            B                .
  173 00000026                 ENDP
  174 00000026         



ARM Macro Assembler    Page 5 


  175 00000026         Default_Handler
                               PROC
  176 00000026         
  177 00000026                 EXPORT           WDT_IRQHandler            [WEAK
]
  178 00000026                 EXPORT           TIMER0_IRQHandler         [WEAK
]
  179 00000026                 EXPORT           TIMER1_IRQHandler         [WEAK
]
  180 00000026                 EXPORT           TIMER2_IRQHandler         [WEAK
]
  181 00000026                 EXPORT           TIMER3_IRQHandler         [WEAK
]
  182 00000026                 EXPORT           UART0_IRQHandler          [WEAK
]
  183 00000026                 EXPORT           UART1_IRQHandler          [WEAK
]
  184 00000026                 EXPORT           UART2_IRQHandler          [WEAK
]
  185 00000026                 EXPORT           UART3_IRQHandler          [WEAK
]
  186 00000026                 EXPORT           PWM1_IRQHandler           [WEAK
]
  187 00000026                 EXPORT           I2C0_IRQHandler           [WEAK
]
  188 00000026                 EXPORT           I2C1_IRQHandler           [WEAK
]
  189 00000026                 EXPORT           I2C2_IRQHandler           [WEAK
]
  190 00000026                 EXPORT           SPI_IRQHandler            [WEAK
]
  191 00000026                 EXPORT           SSP0_IRQHandler           [WEAK
]
  192 00000026                 EXPORT           SSP1_IRQHandler           [WEAK
]
  193 00000026                 EXPORT           PLL0_IRQHandler           [WEAK
]
  194 00000026                 EXPORT           RTC_IRQHandler            [WEAK
]
  195 00000026                 EXPORT           EINT0_IRQHandler          [WEAK
]
  196 00000026                 EXPORT           EINT1_IRQHandler          [WEAK
]
  197 00000026                 EXPORT           EINT2_IRQHandler          [WEAK
]
  198 00000026                 EXPORT           EINT3_IRQHandler          [WEAK
]
  199 00000026                 EXPORT           ADC_IRQHandler            [WEAK
]
  200 00000026                 EXPORT           BOD_IRQHandler            [WEAK
]
  201 00000026                 EXPORT           USB_IRQHandler            [WEAK
]
  202 00000026                 EXPORT           CAN_IRQHandler            [WEAK
]
  203 00000026                 EXPORT           DMA_IRQHandler            [WEAK
]
  204 00000026                 EXPORT           I2S_IRQHandler            [WEAK
]



ARM Macro Assembler    Page 6 


  205 00000026                 EXPORT           ENET_IRQHandler           [WEAK
]
  206 00000026                 EXPORT           RIT_IRQHandler            [WEAK
]
  207 00000026                 EXPORT           MCPWM_IRQHandler          [WEAK
]
  208 00000026                 EXPORT           QEI_IRQHandler            [WEAK
]
  209 00000026                 EXPORT           PLL1_IRQHandler           [WEAK
]
  210 00000026         
  211 00000026         WDT_IRQHandler
  212 00000026         TIMER0_IRQHandler
  213 00000026         TIMER1_IRQHandler
  214 00000026         TIMER2_IRQHandler
  215 00000026         TIMER3_IRQHandler
  216 00000026         UART0_IRQHandler
  217 00000026         UART1_IRQHandler
  218 00000026         UART2_IRQHandler
  219 00000026         UART3_IRQHandler
  220 00000026         PWM1_IRQHandler
  221 00000026         I2C0_IRQHandler
  222 00000026         I2C1_IRQHandler
  223 00000026         I2C2_IRQHandler
  224 00000026         SPI_IRQHandler
  225 00000026         SSP0_IRQHandler
  226 00000026         SSP1_IRQHandler
  227 00000026         PLL0_IRQHandler
  228 00000026         RTC_IRQHandler
  229 00000026         EINT0_IRQHandler
  230 00000026         EINT1_IRQHandler
  231 00000026         EINT2_IRQHandler
  232 00000026         EINT3_IRQHandler
  233 00000026         ADC_IRQHandler
  234 00000026         BOD_IRQHandler
  235 00000026         USB_IRQHandler
  236 00000026         CAN_IRQHandler
  237 00000026         DMA_IRQHandler
  238 00000026         I2S_IRQHandler
  239 00000026         ENET_IRQHandler
  240 00000026         RIT_IRQHandler
  241 00000026         MCPWM_IRQHandler
  242 00000026         QEI_IRQHandler
  243 00000026         PLL1_IRQHandler
  244 00000026         
  245 00000026 E7FE            B                .
  246 00000028         
  247 00000028                 ENDP
  248 00000028         
  249 00000028         
  250 00000028                 ALIGN
  251 00000028         
  252 00000028         
  253 00000028         ; User Initial Stack & Heap
  254 00000028         
  255 00000028                 IF               :DEF:__MICROLIB
  262 00000028         
  263 00000028                 IMPORT           __use_two_region_memory
  264 00000028                 EXPORT           __user_initial_stackheap



ARM Macro Assembler    Page 7 


  265 00000028         __user_initial_stackheap
  266 00000028         
  267 00000028 4803            LDR              R0, =  Heap_Mem
  268 0000002A 4904            LDR              R1, =(Stack_Mem + Stack_Size)
  269 0000002C 4A04            LDR              R2, = (Heap_Mem +  Heap_Size)
  270 0000002E 4B05            LDR              R3, = Stack_Mem
  271 00000030 4770            BX               LR
  272 00000032         
  273 00000032 00 00           ALIGN
  274 00000034         
  275 00000034                 ENDIF
  276 00000034         
  277 00000034         
  278 00000034                 END
              00000000 
              00000000 
              00001000 
              00001000 
              00000000 
Command Line: --debug --xref --cpu=Cortex-M3 --apcs=interwork --depend=.\flash\
startup_lpc17xx.d -o.\flash\startup_lpc17xx.o -IF:\Keil\ARM\RV31\INC -IF:\Keil\
ARM\CMSIS\Include -IF:\Keil\ARM\Inc\NXP --list=.\flash\startup_lpc17xx.lst comm
on\src\startup_LPC17xx.s



ARM Macro Assembler    Page 1 Alphabetic symbol ordering
Relocatable symbols

STACK 00000000

Symbol: STACK
   Definitions
      At line 29 in file common\src\startup_LPC17xx.s
   Uses
      None
Comment: STACK unused
Stack_Mem 00000000

Symbol: Stack_Mem
   Definitions
      At line 30 in file common\src\startup_LPC17xx.s
   Uses
      At line 268 in file common\src\startup_LPC17xx.s
      At line 270 in file common\src\startup_LPC17xx.s

__initial_sp 00001000

Symbol: __initial_sp
   Definitions
      At line 31 in file common\src\startup_LPC17xx.s
   Uses
      At line 55 in file common\src\startup_LPC17xx.s
Comment: __initial_sp used once
3 symbols



ARM Macro Assembler    Page 1 Alphabetic symbol ordering
Relocatable symbols

HEAP 00000000

Symbol: HEAP
   Definitions
      At line 40 in file common\src\startup_LPC17xx.s
   Uses
      None
Comment: HEAP unused
Heap_Mem 00000000

Symbol: Heap_Mem
   Definitions
      At line 42 in file common\src\startup_LPC17xx.s
   Uses
      At line 267 in file common\src\startup_LPC17xx.s
      At line 269 in file common\src\startup_LPC17xx.s

__heap_base 00000000

Symbol: __heap_base
   Definitions
      At line 41 in file common\src\startup_LPC17xx.s
   Uses
      None
Comment: __heap_base unused
__heap_limit 00001000

Symbol: __heap_limit
   Definitions
      At line 43 in file common\src\startup_LPC17xx.s
   Uses
      None
Comment: __heap_limit unused
4 symbols



ARM Macro Assembler    Page 1 Alphabetic symbol ordering
Relocatable symbols

RESET 00000000

Symbol: RESET
   Definitions
      At line 52 in file common\src\startup_LPC17xx.s
   Uses
      None
Comment: RESET unused
__Vectors 00000000

Symbol: __Vectors
   Definitions
      At line 55 in file common\src\startup_LPC17xx.s
   Uses
      At line 53 in file common\src\startup_LPC17xx.s
Comment: __Vectors used once
2 symbols



ARM Macro Assembler    Page 1 Alphabetic symbol ordering
Relocatable symbols

.ARM.__at_0x02FC 00000000

Symbol: .ARM.__at_0x02FC
   Definitions
      At line 109 in file common\src\startup_LPC17xx.s
   Uses
      None
Comment: .ARM.__at_0x02FC unused
CRP_Key 00000000

Symbol: CRP_Key
   Definitions
      At line 110 in file common\src\startup_LPC17xx.s
   Uses
      None
Comment: CRP_Key unused
2 symbols



ARM Macro Assembler    Page 1 Alphabetic symbol ordering
Relocatable symbols

.text 00000000

Symbol: .text
   Definitions
      At line 114 in file common\src\startup_LPC17xx.s
   Uses
      None
Comment: .text unused
ADC_IRQHandler 00000026

Symbol: ADC_IRQHandler
   Definitions
      At line 233 in file common\src\startup_LPC17xx.s
   Uses
      At line 95 in file common\src\startup_LPC17xx.s
      At line 199 in file common\src\startup_LPC17xx.s

BOD_IRQHandler 00000026

Symbol: BOD_IRQHandler
   Definitions
      At line 234 in file common\src\startup_LPC17xx.s
   Uses
      At line 96 in file common\src\startup_LPC17xx.s
      At line 200 in file common\src\startup_LPC17xx.s

BusFault_Handler 0000001A

Symbol: BusFault_Handler
   Definitions
      At line 148 in file common\src\startup_LPC17xx.s
   Uses
      At line 60 in file common\src\startup_LPC17xx.s
      At line 149 in file common\src\startup_LPC17xx.s

CAN_IRQHandler 00000026

Symbol: CAN_IRQHandler
   Definitions
      At line 236 in file common\src\startup_LPC17xx.s
   Uses
      At line 98 in file common\src\startup_LPC17xx.s
      At line 202 in file common\src\startup_LPC17xx.s

DMA_IRQHandler 00000026

Symbol: DMA_IRQHandler
   Definitions
      At line 237 in file common\src\startup_LPC17xx.s
   Uses
      At line 99 in file common\src\startup_LPC17xx.s
      At line 203 in file common\src\startup_LPC17xx.s

DebugMon_Handler 00000020

Symbol: DebugMon_Handler
   Definitions
      At line 162 in file common\src\startup_LPC17xx.s
   Uses



ARM Macro Assembler    Page 2 Alphabetic symbol ordering
Relocatable symbols

      At line 67 in file common\src\startup_LPC17xx.s
      At line 163 in file common\src\startup_LPC17xx.s

Default_Handler 00000026

Symbol: Default_Handler
   Definitions
      At line 175 in file common\src\startup_LPC17xx.s
   Uses
      None
Comment: Default_Handler unused
EINT0_IRQHandler 00000026

Symbol: EINT0_IRQHandler
   Definitions
      At line 229 in file common\src\startup_LPC17xx.s
   Uses
      At line 91 in file common\src\startup_LPC17xx.s
      At line 195 in file common\src\startup_LPC17xx.s

EINT1_IRQHandler 00000026

Symbol: EINT1_IRQHandler
   Definitions
      At line 230 in file common\src\startup_LPC17xx.s
   Uses
      At line 92 in file common\src\startup_LPC17xx.s
      At line 196 in file common\src\startup_LPC17xx.s

EINT2_IRQHandler 00000026

Symbol: EINT2_IRQHandler
   Definitions
      At line 231 in file common\src\startup_LPC17xx.s
   Uses
      At line 93 in file common\src\startup_LPC17xx.s
      At line 197 in file common\src\startup_LPC17xx.s

EINT3_IRQHandler 00000026

Symbol: EINT3_IRQHandler
   Definitions
      At line 232 in file common\src\startup_LPC17xx.s
   Uses
      At line 94 in file common\src\startup_LPC17xx.s
      At line 198 in file common\src\startup_LPC17xx.s

ENET_IRQHandler 00000026

Symbol: ENET_IRQHandler
   Definitions
      At line 239 in file common\src\startup_LPC17xx.s
   Uses
      At line 101 in file common\src\startup_LPC17xx.s
      At line 205 in file common\src\startup_LPC17xx.s

HardFault_Handler 00000006

Symbol: HardFault_Handler



ARM Macro Assembler    Page 3 Alphabetic symbol ordering
Relocatable symbols

   Definitions
      At line 134 in file common\src\startup_LPC17xx.s
   Uses
      At line 58 in file common\src\startup_LPC17xx.s
Comment: HardFault_Handler used once
I2C0_IRQHandler 00000026

Symbol: I2C0_IRQHandler
   Definitions
      At line 221 in file common\src\startup_LPC17xx.s
   Uses
      At line 83 in file common\src\startup_LPC17xx.s
      At line 187 in file common\src\startup_LPC17xx.s

I2C1_IRQHandler 00000026

Symbol: I2C1_IRQHandler
   Definitions
      At line 222 in file common\src\startup_LPC17xx.s
   Uses
      At line 84 in file common\src\startup_LPC17xx.s
      At line 188 in file common\src\startup_LPC17xx.s

I2C2_IRQHandler 00000026

Symbol: I2C2_IRQHandler
   Definitions
      At line 223 in file common\src\startup_LPC17xx.s
   Uses
      At line 85 in file common\src\startup_LPC17xx.s
      At line 189 in file common\src\startup_LPC17xx.s

I2S_IRQHandler 00000026

Symbol: I2S_IRQHandler
   Definitions
      At line 238 in file common\src\startup_LPC17xx.s
   Uses
      At line 100 in file common\src\startup_LPC17xx.s
      At line 204 in file common\src\startup_LPC17xx.s

MCPWM_IRQHandler 00000026

Symbol: MCPWM_IRQHandler
   Definitions
      At line 241 in file common\src\startup_LPC17xx.s
   Uses
      At line 103 in file common\src\startup_LPC17xx.s
      At line 207 in file common\src\startup_LPC17xx.s

MemManage_Handler 00000018

Symbol: MemManage_Handler
   Definitions
      At line 143 in file common\src\startup_LPC17xx.s
   Uses
      At line 59 in file common\src\startup_LPC17xx.s
      At line 144 in file common\src\startup_LPC17xx.s




ARM Macro Assembler    Page 4 Alphabetic symbol ordering
Relocatable symbols

NMI_Handler 00000004

Symbol: NMI_Handler
   Definitions
      At line 129 in file common\src\startup_LPC17xx.s
   Uses
      At line 57 in file common\src\startup_LPC17xx.s
      At line 130 in file common\src\startup_LPC17xx.s

PLL0_IRQHandler 00000026

Symbol: PLL0_IRQHandler
   Definitions
      At line 227 in file common\src\startup_LPC17xx.s
   Uses
      At line 89 in file common\src\startup_LPC17xx.s
      At line 193 in file common\src\startup_LPC17xx.s

PLL1_IRQHandler 00000026

Symbol: PLL1_IRQHandler
   Definitions
      At line 243 in file common\src\startup_LPC17xx.s
   Uses
      At line 105 in file common\src\startup_LPC17xx.s
      At line 209 in file common\src\startup_LPC17xx.s

PWM1_IRQHandler 00000026

Symbol: PWM1_IRQHandler
   Definitions
      At line 220 in file common\src\startup_LPC17xx.s
   Uses
      At line 82 in file common\src\startup_LPC17xx.s
      At line 186 in file common\src\startup_LPC17xx.s

PendSV_Handler 00000022

Symbol: PendSV_Handler
   Definitions
      At line 166 in file common\src\startup_LPC17xx.s
   Uses
      At line 69 in file common\src\startup_LPC17xx.s
      At line 167 in file common\src\startup_LPC17xx.s

QEI_IRQHandler 00000026

Symbol: QEI_IRQHandler
   Definitions
      At line 242 in file common\src\startup_LPC17xx.s
   Uses
      At line 104 in file common\src\startup_LPC17xx.s
      At line 208 in file common\src\startup_LPC17xx.s

RIT_IRQHandler 00000026

Symbol: RIT_IRQHandler
   Definitions
      At line 240 in file common\src\startup_LPC17xx.s



ARM Macro Assembler    Page 5 Alphabetic symbol ordering
Relocatable symbols

   Uses
      At line 102 in file common\src\startup_LPC17xx.s
      At line 206 in file common\src\startup_LPC17xx.s

RTC_IRQHandler 00000026

Symbol: RTC_IRQHandler
   Definitions
      At line 228 in file common\src\startup_LPC17xx.s
   Uses
      At line 90 in file common\src\startup_LPC17xx.s
      At line 194 in file common\src\startup_LPC17xx.s

Reset_Handler 00000000

Symbol: Reset_Handler
   Definitions
      At line 119 in file common\src\startup_LPC17xx.s
   Uses
      At line 56 in file common\src\startup_LPC17xx.s
      At line 120 in file common\src\startup_LPC17xx.s

SPI_IRQHandler 00000026

Symbol: SPI_IRQHandler
   Definitions
      At line 224 in file common\src\startup_LPC17xx.s
   Uses
      At line 86 in file common\src\startup_LPC17xx.s
      At line 190 in file common\src\startup_LPC17xx.s

SSP0_IRQHandler 00000026

Symbol: SSP0_IRQHandler
   Definitions
      At line 225 in file common\src\startup_LPC17xx.s
   Uses
      At line 87 in file common\src\startup_LPC17xx.s
      At line 191 in file common\src\startup_LPC17xx.s

SSP1_IRQHandler 00000026

Symbol: SSP1_IRQHandler
   Definitions
      At line 226 in file common\src\startup_LPC17xx.s
   Uses
      At line 88 in file common\src\startup_LPC17xx.s
      At line 192 in file common\src\startup_LPC17xx.s

SVC_Handler 0000001E

Symbol: SVC_Handler
   Definitions
      At line 157 in file common\src\startup_LPC17xx.s
   Uses
      At line 66 in file common\src\startup_LPC17xx.s
      At line 158 in file common\src\startup_LPC17xx.s

SysTick_Handler 00000024



ARM Macro Assembler    Page 6 Alphabetic symbol ordering
Relocatable symbols


Symbol: SysTick_Handler
   Definitions
      At line 170 in file common\src\startup_LPC17xx.s
   Uses
      At line 70 in file common\src\startup_LPC17xx.s
      At line 171 in file common\src\startup_LPC17xx.s

TIMER0_IRQHandler 00000026

Symbol: TIMER0_IRQHandler
   Definitions
      At line 212 in file common\src\startup_LPC17xx.s
   Uses
      At line 74 in file common\src\startup_LPC17xx.s
      At line 178 in file common\src\startup_LPC17xx.s

TIMER1_IRQHandler 00000026

Symbol: TIMER1_IRQHandler
   Definitions
      At line 213 in file common\src\startup_LPC17xx.s
   Uses
      At line 75 in file common\src\startup_LPC17xx.s
      At line 179 in file common\src\startup_LPC17xx.s

TIMER2_IRQHandler 00000026

Symbol: TIMER2_IRQHandler
   Definitions
      At line 214 in file common\src\startup_LPC17xx.s
   Uses
      At line 76 in file common\src\startup_LPC17xx.s
      At line 180 in file common\src\startup_LPC17xx.s

TIMER3_IRQHandler 00000026

Symbol: TIMER3_IRQHandler
   Definitions
      At line 215 in file common\src\startup_LPC17xx.s
   Uses
      At line 77 in file common\src\startup_LPC17xx.s
      At line 181 in file common\src\startup_LPC17xx.s

UART0_IRQHandler 00000026

Symbol: UART0_IRQHandler
   Definitions
      At line 216 in file common\src\startup_LPC17xx.s
   Uses
      At line 78 in file common\src\startup_LPC17xx.s
      At line 182 in file common\src\startup_LPC17xx.s

UART1_IRQHandler 00000026

Symbol: UART1_IRQHandler
   Definitions
      At line 217 in file common\src\startup_LPC17xx.s
   Uses



ARM Macro Assembler    Page 7 Alphabetic symbol ordering
Relocatable symbols

      At line 79 in file common\src\startup_LPC17xx.s
      At line 183 in file common\src\startup_LPC17xx.s

UART2_IRQHandler 00000026

Symbol: UART2_IRQHandler
   Definitions
      At line 218 in file common\src\startup_LPC17xx.s
   Uses
      At line 80 in file common\src\startup_LPC17xx.s
      At line 184 in file common\src\startup_LPC17xx.s

UART3_IRQHandler 00000026

Symbol: UART3_IRQHandler
   Definitions
      At line 219 in file common\src\startup_LPC17xx.s
   Uses
      At line 81 in file common\src\startup_LPC17xx.s
      At line 185 in file common\src\startup_LPC17xx.s

USB_IRQHandler 00000026

Symbol: USB_IRQHandler
   Definitions
      At line 235 in file common\src\startup_LPC17xx.s
   Uses
      At line 97 in file common\src\startup_LPC17xx.s
      At line 201 in file common\src\startup_LPC17xx.s

UsageFault_Handler 0000001C

Symbol: UsageFault_Handler
   Definitions
      At line 153 in file common\src\startup_LPC17xx.s
   Uses
      At line 61 in file common\src\startup_LPC17xx.s
      At line 154 in file common\src\startup_LPC17xx.s

WDT_IRQHandler 00000026

Symbol: WDT_IRQHandler
   Definitions
      At line 211 in file common\src\startup_LPC17xx.s
   Uses
      At line 73 in file common\src\startup_LPC17xx.s
      At line 177 in file common\src\startup_LPC17xx.s

__user_initial_stackheap 00000028

Symbol: __user_initial_stackheap
   Definitions
      At line 265 in file common\src\startup_LPC17xx.s
   Uses
      At line 264 in file common\src\startup_LPC17xx.s
Comment: __user_initial_stackheap used once
46 symbols



ARM Macro Assembler    Page 1 Alphabetic symbol ordering
Absolute symbols

Heap_Size 00001000

Symbol: Heap_Size
   Definitions
      At line 38 in file common\src\startup_LPC17xx.s
   Uses
      At line 42 in file common\src\startup_LPC17xx.s
      At line 269 in file common\src\startup_LPC17xx.s

Stack_Size 00001000

Symbol: Stack_Size
   Definitions
      At line 27 in file common\src\startup_LPC17xx.s
   Uses
      At line 30 in file common\src\startup_LPC17xx.s
      At line 268 in file common\src\startup_LPC17xx.s

2 symbols



ARM Macro Assembler    Page 1 Alphabetic symbol ordering
External symbols

__main 00000000

Symbol: __main
   Definitions
      At line 121 in file common\src\startup_LPC17xx.s
   Uses
      At line 122 in file common\src\startup_LPC17xx.s
Comment: __main used once
__use_two_region_memory 00000000

Symbol: __use_two_region_memory
   Definitions
      At line 263 in file common\src\startup_LPC17xx.s
   Uses
      None
Comment: __use_two_region_memory unused
hard_fault_handler_c 00000000

Symbol: hard_fault_handler_c
   Definitions
      At line 135 in file common\src\startup_LPC17xx.s
   Uses
      At line 140 in file common\src\startup_LPC17xx.s
Comment: hard_fault_handler_c used once
3 symbols
398 symbols in table
